生成启动时间为 2014/9/14 12:40:21。
     1>项目“D:\黄震的电脑\大学\学习\C++程序设计与训练\大作业\project\main\main\main.vcxproj”在节点 2 上(build 个目标)。
     1>PrepareForBuild:
         正在创建目录“D:\黄震的电脑\大学\学习\C++程序设计与训练\大作业\project\main\Debug\”。
       InitializeBuildStatus:
         正在创建“Debug\main.unsuccessfulbuild”，因为已指定“AlwaysCreate”。
       ClCompile:
         E:\Program Files\Microsoft Visual Studio 10.0\VC\bin\CL.exe /c /ZI /nologo /W3 /WX- /Od /Oy- /D _MBCS /Gm /EHsc /RTC1 /MDd /GS /fp:precise /Zc:wchar_t /Zc:forScope /Fo"Debug\\" /Fd"Debug\vc100.pdb" /Gd /TP /analyze- /errorReport:prompt test.cpp
         test.cpp
       Link:
         E:\Program Files\Microsoft Visual Studio 10.0\VC\bin\link.exe /ERRORREPORT:PROMPT /OUT:"D:\黄震的电脑\大学\学习\C++程序设计与训练\大作业\project\main\Debug\main.exe" /NOLOGO kernel32.lib user32.lib gdi32.lib winspool.lib comdlg32.lib advapi32.lib shell32.lib ole32.lib oleaut32.lib uuid.lib odbc32.lib odbccp32.lib /MANIFEST /ManifestFile:"Debug\main.exe.intermediate.manifest" /MANIFESTUAC:"level='asInvoker' uiAccess='false'" /DEBUG /PDB:"D:\黄震的电脑\大学\学习\C++程序设计与训练\大作业\project\main\Debug\main.pdb" /TLBID:1 /DYNAMICBASE /NXCOMPAT /IMPLIB:"D:\黄震的电脑\大学\学习\C++程序设计与训练\大作业\project\main\Debug\main.lib" /MACHINE:X86 Debug\test.obj
         main.vcxproj -> D:\黄震的电脑\大学\学习\C++程序设计与训练\大作业\project\main\Debug\main.exe
       Manifest:
         c:\Program Files\Microsoft SDKs\Windows\v7.0A\bin\mt.exe /nologo /verbose /outputresource:"D:\黄震的电脑\大学\学习\C++程序设计与训练\大作业\project\main\Debug\main.exe;#1" /manifest Debug\main.exe.intermediate.manifest
       FinalizeBuildStatus:
         正在删除文件“Debug\main.unsuccessfulbuild”。
         正在对“Debug\main.lastbuildstate”执行 Touch 任务。
     1>已完成生成项目“D:\黄震的电脑\大学\学习\C++程序设计与训练\大作业\project\main\main\main.vcxproj”(build 个目标)的操作。

生成成功。

已用时间 00:00:04.85
